c:\users\user\desktop\4thyearproj\fourthyearproj\ai_lab1\ai_lab1\debug\vc141.pdb
c:\users\user\desktop\4thyearproj\fourthyearproj\ai_lab1\ai_lab1\debug\vc141.idb
c:\users\user\desktop\4thyearproj\fourthyearproj\ai_lab1\ai_lab1\debug\bullet.obj
c:\users\user\desktop\4thyearproj\fourthyearproj\ai_lab1\ai_lab1\debug\enemy.obj
c:\users\user\desktop\4thyearproj\fourthyearproj\ai_lab1\ai_lab1\debug\game.obj
c:\users\user\desktop\4thyearproj\fourthyearproj\ai_lab1\ai_lab1\debug\main.obj
c:\users\user\desktop\4thyearproj\fourthyearproj\ai_lab1\ai_lab1\debug\maploader.obj
c:\users\user\desktop\4thyearproj\fourthyearproj\ai_lab1\ai_lab1\debug\player.obj
c:\users\user\desktop\4thyearproj\fourthyearproj\ai_lab1\ai_lab1\debug\soundmanager.obj
c:\users\user\desktop\4thyearproj\fourthyearproj\ai_lab1\ai_lab1\debug\worker.obj
c:\users\user\desktop\4thyearproj\fourthyearproj\ai_lab1\ai_lab1\debug\filewriter.obj
c:\users\user\desktop\4thyearproj\fourthyearproj\ai_lab1\debug\ai_lab1.exe
c:\users\user\desktop\4thyearproj\fourthyearproj\ai_lab1\debug\ai_lab1.ilk
c:\users\user\desktop\4thyearproj\fourthyearproj\ai_lab1\debug\ai_lab1.pdb
c:\users\user\desktop\4thyearproj\fourthyearproj\ai_lab1\ai_lab1\debug\ai_lab1.tlog\cl.command.1.tlog
c:\users\user\desktop\4thyearproj\fourthyearproj\ai_lab1\ai_lab1\debug\ai_lab1.tlog\cl.read.1.tlog
c:\users\user\desktop\4thyearproj\fourthyearproj\ai_lab1\ai_lab1\debug\ai_lab1.tlog\cl.write.1.tlog
c:\users\user\desktop\4thyearproj\fourthyearproj\ai_lab1\ai_lab1\debug\ai_lab1.tlog\link.command.1.tlog
c:\users\user\desktop\4thyearproj\fourthyearproj\ai_lab1\ai_lab1\debug\ai_lab1.tlog\link.read.1.tlog
c:\users\user\desktop\4thyearproj\fourthyearproj\ai_lab1\ai_lab1\debug\ai_lab1.tlog\link.write.1.tlog
